<?xml version="1.0" encoding="UTF-8" ?>
<testsuite errors="0" failures="0" hostname="NWPCD084" name="frameWork.base.AllTests" tests="24" time="0.116" timestamp="2014-05-29T08:26:17">
  <properties>
[...]
</properties>
  <testcase classname="frameWork.base.core.binder.BinderTest" name="bind" time="0.005" />
  <testcase classname="frameWork.base.core.routing.TargetFilterTest" name="isNull" time="0.006" />
  <testcase classname="frameWork.base.core.authority.AuthorityTest" name="test" time="0.004" />
  <testcase classname="frameWork.base.core.authority.AuthorityCheckerTest" name="checkTest1" time="0.005" />
  <testcase classname="frameWork.base.core.binder.BinderTest" name="getFieldValue" time="0.002" />
  <testcase classname="frameWork.base.core.routing.TargetFilterTest" name="hasExtend" time="0.0" />
  <testcase classname="frameWork.base.core.routing.TargetFilterTest" name="isNormal" time="0.0" />
  <testcase classname="frameWork.base.core.routing.TargetFilterTest" name="hasPackage" time="0.0" />
  <testcase classname="frameWork.base.core.authority.AuthorityCheckerTest" name="checkTest2" time="0.004" />
  <testcase classname="frameWork.base.core.routing.TargetFilterTest" name="isIllegal" time="0.0" />
  <testcase classname="frameWork.base.core.authority.AuthorityCheckerTest" name="checkTest3" time="0.001" />
  <testcase classname="frameWork.base.core.routing.TargetFilterTest" name="isEmpty" time="0.0" />
  <testcase classname="frameWork.base.core.authority.AuthorityCheckerTest" name="checkTest4" time="0.001" />
  <testcase classname="frameWork.base.core.authority.AuthorityCheckerTest" name="checkTest5" time="0.001" />
  <testcase classname="frameWork.base.core.authority.AuthorityCheckerTest" name="checkTest6" time="0.0" />
  <testcase classname="frameWork.base.core.authority.AuthorityCheckerTest" name="checkTest7" time="0.001" />
  <testcase classname="frameWork.base.core.authority.AuthorityCheckerTest" name="checkTest" time="0.0" />
  <testcase classname="frameWork.base.core.fileSystem.FileSystemTest" name="exists" time="0.031" />
  <testcase classname="frameWork.base.core.fileSystem.FileSystemTest" name="isDirectory" time="0.0" />
  <testcase classname="frameWork.base.core.fileSystem.FileSystemTest" name="isNotFile" time="0.0" />
  <testcase classname="frameWork.base.barcode.BarcodeTest" name="getBarcodeFontTest1" time="0.049" />
  <testcase classname="frameWork.base.barcode.BarcodeTest" name="getBarcodeFontTest2" time="0.001" />
  <testcase classname="frameWork.base.barcode.BarcodeTest" name="createBarcodeTest1" time="0.0" />
  <testcase classname="frameWork.base.barcode.BarcodeTest" name="createBarcodeTest2" time="0.0" />
  <system-out><![CDATA[]]></system-out>
  <system-err><![CDATA[]]></system-err>
</testsuite>
